
(firefox:198463): Gtk-WARNING **: 00:34:21.449: Theme parsing error: gtk.css:27:16: not a number

(firefox:198463): Gtk-WARNING **: 00:34:21.449: Theme parsing error: gtk.css:29:10: 'height' is not a valid property name

(firefox:198463): Gtk-WARNING **: 00:34:21.450: Theme parsing error: gtk.css:508:14: Junk at end of value for opacity
1621636461706	Marionette	INFO	Marionette enabled

(firefox:198463): Gtk-WARNING **: 00:34:21.975: Theme parsing error: gtk.css:27:16: not a number

(firefox:198463): Gtk-WARNING **: 00:34:21.975: Theme parsing error: gtk.css:29:10: 'height' is not a valid property name

(firefox:198463): Gtk-WARNING **: 00:34:21.976: Theme parsing error: gtk.css:508:14: Junk at end of value for opacity

(firefox:198463): Gtk-WARNING **: 00:34:21.977: Theme parsing error: gtk.css:27:16: not a number

(firefox:198463): Gtk-WARNING **: 00:34:21.977: Theme parsing error: gtk.css:29:10: 'height' is not a valid property name

(firefox:198463): Gtk-WARNING **: 00:34:21.978: Theme parsing error: gtk.css:508:14: Junk at end of value for opacity

(/usr/lib/firefox/firefox:198650): Gtk-WARNING **: 00:34:22.036: Theme parsing error: gtk.css:27:16: not a number

(/usr/lib/firefox/firefox:198650): Gtk-WARNING **: 00:34:22.036: Theme parsing error: gtk.css:29:10: 'height' is not a valid property name

(/usr/lib/firefox/firefox:198650): Gtk-WARNING **: 00:34:22.037: Theme parsing error: gtk.css:508:14: Junk at end of value for opacity

(/usr/lib/firefox/firefox:198672): Gtk-WARNING **: 00:34:22.136: Theme parsing error: gtk.css:27:16: not a number

(/usr/lib/firefox/firefox:198672): Gtk-WARNING **: 00:34:22.136: Theme parsing error: gtk.css:29:10: 'height' is not a valid property name

(/usr/lib/firefox/firefox:198672): Gtk-WARNING **: 00:34:22.138: Theme parsing error: gtk.css:508:14: Junk at end of value for opacity
console.warn: SearchSettings: "get: No settings file exists, new profile?" (new Error("", "(unknown module)"))
1621636462484	Marionette	INFO	Listening on port 34917
1621636462526	Marionette	WARN	TLS certificate errors will be ignored for this session

(/usr/lib/firefox/firefox:198776): Gtk-WARNING **: 00:34:23.021: Theme parsing error: gtk.css:27:16: not a number

(/usr/lib/firefox/firefox:198776): Gtk-WARNING **: 00:34:23.021: Theme parsing error: gtk.css:29:10: 'height' is not a valid property name

(/usr/lib/firefox/firefox:198776): Gtk-WARNING **: 00:34:23.022: Theme parsing error: gtk.css:508:14: Junk at end of value for opacity
1621636522690	Marionette	INFO	Stopped listening on port 34917

###!!! [Parent][RunMessage] Error: Channel closing: too late to send/recv, messages will be lost


(firefox:237630): Gtk-WARNING **: 01:01:58.784: Theme parsing error: gtk.css:27:16: not a number

(firefox:237630): Gtk-WARNING **: 01:01:58.784: Theme parsing error: gtk.css:29:10: 'height' is not a valid property name

(firefox:237630): Gtk-WARNING **: 01:01:58.784: Theme parsing error: gtk.css:508:14: Junk at end of value for opacity
1621638119040	Marionette	INFO	Marionette enabled

(firefox:237630): Gtk-WARNING **: 01:01:59.304: Theme parsing error: gtk.css:27:16: not a number

(firefox:237630): Gtk-WARNING **: 01:01:59.304: Theme parsing error: gtk.css:29:10: 'height' is not a valid property name

(firefox:237630): Gtk-WARNING **: 01:01:59.305: Theme parsing error: gtk.css:508:14: Junk at end of value for opacity

(firefox:237630): Gtk-WARNING **: 01:01:59.306: Theme parsing error: gtk.css:27:16: not a number

(firefox:237630): Gtk-WARNING **: 01:01:59.306: Theme parsing error: gtk.css:29:10: 'height' is not a valid property name

(firefox:237630): Gtk-WARNING **: 01:01:59.307: Theme parsing error: gtk.css:508:14: Junk at end of value for opacity

(/usr/lib/firefox/firefox:237817): Gtk-WARNING **: 01:01:59.362: Theme parsing error: gtk.css:27:16: not a number

(/usr/lib/firefox/firefox:237817): Gtk-WARNING **: 01:01:59.362: Theme parsing error: gtk.css:29:10: 'height' is not a valid property name

(/usr/lib/firefox/firefox:237817): Gtk-WARNING **: 01:01:59.363: Theme parsing error: gtk.css:508:14: Junk at end of value for opacity

(/usr/lib/firefox/firefox:237839): Gtk-WARNING **: 01:01:59.457: Theme parsing error: gtk.css:27:16: not a number

(/usr/lib/firefox/firefox:237839): Gtk-WARNING **: 01:01:59.457: Theme parsing error: gtk.css:29:10: 'height' is not a valid property name

(/usr/lib/firefox/firefox:237839): Gtk-WARNING **: 01:01:59.458: Theme parsing error: gtk.css:508:14: Junk at end of value for opacity
console.warn: SearchSettings: "get: No settings file exists, new profile?" (new Error("", "(unknown module)"))
1621638119795	Marionette	INFO	Listening on port 43647
1621638119863	Marionette	WARN	TLS certificate errors will be ignored for this session

(/usr/lib/firefox/firefox:237942): Gtk-WARNING **: 01:02:00.346: Theme parsing error: gtk.css:27:16: not a number

(/usr/lib/firefox/firefox:237942): Gtk-WARNING **: 01:02:00.346: Theme parsing error: gtk.css:29:10: 'height' is not a valid property name

(/usr/lib/firefox/firefox:237942): Gtk-WARNING **: 01:02:00.347: Theme parsing error: gtk.css:508:14: Junk at end of value for opacity
1621638169300	Marionette	INFO	Stopped listening on port 43647

###!!! [Parent][RunMessage] Error: Channel closing: too late to send/recv, messages will be lost


(firefox:239165): Gtk-WARNING **: 01:02:50.808: Theme parsing error: gtk.css:27:16: not a number

(firefox:239165): Gtk-WARNING **: 01:02:50.808: Theme parsing error: gtk.css:29:10: 'height' is not a valid property name

(firefox:239165): Gtk-WARNING **: 01:02:50.809: Theme parsing error: gtk.css:508:14: Junk at end of value for opacity
1621638171068	Marionette	INFO	Marionette enabled

(firefox:239165): Gtk-WARNING **: 01:02:51.334: Theme parsing error: gtk.css:27:16: not a number

(firefox:239165): Gtk-WARNING **: 01:02:51.334: Theme parsing error: gtk.css:29:10: 'height' is not a valid property name

(firefox:239165): Gtk-WARNING **: 01:02:51.335: Theme parsing error: gtk.css:508:14: Junk at end of value for opacity

(firefox:239165): Gtk-WARNING **: 01:02:51.337: Theme parsing error: gtk.css:27:16: not a number

(firefox:239165): Gtk-WARNING **: 01:02:51.337: Theme parsing error: gtk.css:29:10: 'height' is not a valid property name

(firefox:239165): Gtk-WARNING **: 01:02:51.337: Theme parsing error: gtk.css:508:14: Junk at end of value for opacity

(/usr/lib/firefox/firefox:239350): Gtk-WARNING **: 01:02:51.392: Theme parsing error: gtk.css:27:16: not a number

(/usr/lib/firefox/firefox:239350): Gtk-WARNING **: 01:02:51.392: Theme parsing error: gtk.css:29:10: 'height' is not a valid property name

(/usr/lib/firefox/firefox:239350): Gtk-WARNING **: 01:02:51.393: Theme parsing error: gtk.css:508:14: Junk at end of value for opacity

(/usr/lib/firefox/firefox:239373): Gtk-WARNING **: 01:02:51.491: Theme parsing error: gtk.css:27:16: not a number

(/usr/lib/firefox/firefox:239373): Gtk-WARNING **: 01:02:51.491: Theme parsing error: gtk.css:29:10: 'height' is not a valid property name

(/usr/lib/firefox/firefox:239373): Gtk-WARNING **: 01:02:51.492: Theme parsing error: gtk.css:508:14: Junk at end of value for opacity
console.warn: SearchSettings: "get: No settings file exists, new profile?" (new Error("", "(unknown module)"))
1621638171901	Marionette	INFO	Listening on port 41233
1621638172015	Marionette	WARN	TLS certificate errors will be ignored for this session

(/usr/lib/firefox/firefox:239476): Gtk-WARNING **: 01:02:52.414: Theme parsing error: gtk.css:27:16: not a number

(/usr/lib/firefox/firefox:239476): Gtk-WARNING **: 01:02:52.414: Theme parsing error: gtk.css:29:10: 'height' is not a valid property name

(/usr/lib/firefox/firefox:239476): Gtk-WARNING **: 01:02:52.415: Theme parsing error: gtk.css:508:14: Junk at end of value for opacity
1621638217760	Marionette	INFO	Stopped listening on port 41233

###!!! [Parent][RunMessage] Error: Channel closing: too late to send/recv, messages will be lost


(firefox:240665): Gtk-WARNING **: 01:03:40.005: Theme parsing error: gtk.css:27:16: not a number

(firefox:240665): Gtk-WARNING **: 01:03:40.005: Theme parsing error: gtk.css:29:10: 'height' is not a valid property name

(firefox:240665): Gtk-WARNING **: 01:03:40.006: Theme parsing error: gtk.css:508:14: Junk at end of value for opacity
1621638220266	Marionette	INFO	Marionette enabled

(firefox:240665): Gtk-WARNING **: 01:03:40.533: Theme parsing error: gtk.css:27:16: not a number

(firefox:240665): Gtk-WARNING **: 01:03:40.533: Theme parsing error: gtk.css:29:10: 'height' is not a valid property name

(firefox:240665): Gtk-WARNING **: 01:03:40.533: Theme parsing error: gtk.css:508:14: Junk at end of value for opacity

(firefox:240665): Gtk-WARNING **: 01:03:40.535: Theme parsing error: gtk.css:27:16: not a number

(firefox:240665): Gtk-WARNING **: 01:03:40.535: Theme parsing error: gtk.css:29:10: 'height' is not a valid property name

(firefox:240665): Gtk-WARNING **: 01:03:40.536: Theme parsing error: gtk.css:508:14: Junk at end of value for opacity

(/usr/lib/firefox/firefox:240852): Gtk-WARNING **: 01:03:40.593: Theme parsing error: gtk.css:27:16: not a number

(/usr/lib/firefox/firefox:240852): Gtk-WARNING **: 01:03:40.593: Theme parsing error: gtk.css:29:10: 'height' is not a valid property name

(/usr/lib/firefox/firefox:240852): Gtk-WARNING **: 01:03:40.593: Theme parsing error: gtk.css:508:14: Junk at end of value for opacity

(/usr/lib/firefox/firefox:240874): Gtk-WARNING **: 01:03:40.687: Theme parsing error: gtk.css:27:16: not a number

(/usr/lib/firefox/firefox:240874): Gtk-WARNING **: 01:03:40.687: Theme parsing error: gtk.css:29:10: 'height' is not a valid property name

(/usr/lib/firefox/firefox:240874): Gtk-WARNING **: 01:03:40.687: Theme parsing error: gtk.css:508:14: Junk at end of value for opacity
console.warn: SearchSettings: "get: No settings file exists, new profile?" (new Error("", "(unknown module)"))
1621638221174	Marionette	INFO	Listening on port 36819
1621638221283	Marionette	WARN	TLS certificate errors will be ignored for this session

(/usr/lib/firefox/firefox:240979): Gtk-WARNING **: 01:03:41.574: Theme parsing error: gtk.css:27:16: not a number

(/usr/lib/firefox/firefox:240979): Gtk-WARNING **: 01:03:41.574: Theme parsing error: gtk.css:29:10: 'height' is not a valid property name

(/usr/lib/firefox/firefox:240979): Gtk-WARNING **: 01:03:41.575: Theme parsing error: gtk.css:508:14: Junk at end of value for opacity
Exiting due to channel error.
Exiting due to channel error.
Exiting due to channel error.

(firefox:242332): Gtk-WARNING **: 01:04:37.043: Theme parsing error: gtk.css:27:16: not a number

(firefox:242332): Gtk-WARNING **: 01:04:37.043: Theme parsing error: gtk.css:29:10: 'height' is not a valid property name

(firefox:242332): Gtk-WARNING **: 01:04:37.044: Theme parsing error: gtk.css:508:14: Junk at end of value for opacity
1621638277291	Marionette	INFO	Marionette enabled

(firefox:242332): Gtk-WARNING **: 01:04:37.550: Theme parsing error: gtk.css:27:16: not a number

(firefox:242332): Gtk-WARNING **: 01:04:37.550: Theme parsing error: gtk.css:29:10: 'height' is not a valid property name

(firefox:242332): Gtk-WARNING **: 01:04:37.550: Theme parsing error: gtk.css:508:14: Junk at end of value for opacity

(firefox:242332): Gtk-WARNING **: 01:04:37.552: Theme parsing error: gtk.css:27:16: not a number

(firefox:242332): Gtk-WARNING **: 01:04:37.552: Theme parsing error: gtk.css:29:10: 'height' is not a valid property name

(firefox:242332): Gtk-WARNING **: 01:04:37.553: Theme parsing error: gtk.css:508:14: Junk at end of value for opacity

(/usr/lib/firefox/firefox:242519): Gtk-WARNING **: 01:04:37.609: Theme parsing error: gtk.css:27:16: not a number

(/usr/lib/firefox/firefox:242519): Gtk-WARNING **: 01:04:37.609: Theme parsing error: gtk.css:29:10: 'height' is not a valid property name

(/usr/lib/firefox/firefox:242519): Gtk-WARNING **: 01:04:37.610: Theme parsing error: gtk.css:508:14: Junk at end of value for opacity

(/usr/lib/firefox/firefox:242546): Gtk-WARNING **: 01:04:37.714: Theme parsing error: gtk.css:27:16: not a number

(/usr/lib/firefox/firefox:242546): Gtk-WARNING **: 01:04:37.714: Theme parsing error: gtk.css:29:10: 'height' is not a valid property name

(/usr/lib/firefox/firefox:242546): Gtk-WARNING **: 01:04:37.715: Theme parsing error: gtk.css:508:14: Junk at end of value for opacity
console.warn: SearchSettings: "get: No settings file exists, new profile?" (new Error("", "(unknown module)"))
1621638278057	Marionette	INFO	Listening on port 35875
1621638278122	Marionette	WARN	TLS certificate errors will be ignored for this session

(/usr/lib/firefox/firefox:242644): Gtk-WARNING **: 01:04:38.592: Theme parsing error: gtk.css:27:16: not a number

(/usr/lib/firefox/firefox:242644): Gtk-WARNING **: 01:04:38.592: Theme parsing error: gtk.css:29:10: 'height' is not a valid property name

(/usr/lib/firefox/firefox:242644): Gtk-WARNING **: 01:04:38.593: Theme parsing error: gtk.css:508:14: Junk at end of value for opacity
1621638339602	Marionette	INFO	Stopped listening on port 35875

###!!! [Parent][RunMessage] Error: Channel closing: too late to send/recv, messages will be lost


(firefox:244193): Gtk-WARNING **: 01:05:42.435: Theme parsing error: gtk.css:27:16: not a number

(firefox:244193): Gtk-WARNING **: 01:05:42.435: Theme parsing error: gtk.css:29:10: 'height' is not a valid property name

(firefox:244193): Gtk-WARNING **: 01:05:42.436: Theme parsing error: gtk.css:508:14: Junk at end of value for opacity
1621638342684	Marionette	INFO	Marionette enabled

(firefox:244193): Gtk-WARNING **: 01:05:42.945: Theme parsing error: gtk.css:27:16: not a number

(firefox:244193): Gtk-WARNING **: 01:05:42.945: Theme parsing error: gtk.css:29:10: 'height' is not a valid property name

(firefox:244193): Gtk-WARNING **: 01:05:42.946: Theme parsing error: gtk.css:508:14: Junk at end of value for opacity

(firefox:244193): Gtk-WARNING **: 01:05:42.948: Theme parsing error: gtk.css:27:16: not a number

(firefox:244193): Gtk-WARNING **: 01:05:42.948: Theme parsing error: gtk.css:29:10: 'height' is not a valid property name

(firefox:244193): Gtk-WARNING **: 01:05:42.948: Theme parsing error: gtk.css:508:14: Junk at end of value for opacity

(/usr/lib/firefox/firefox:244375): Gtk-WARNING **: 01:05:43.008: Theme parsing error: gtk.css:27:16: not a number

(/usr/lib/firefox/firefox:244375): Gtk-WARNING **: 01:05:43.008: Theme parsing error: gtk.css:29:10: 'height' is not a valid property name

(/usr/lib/firefox/firefox:244375): Gtk-WARNING **: 01:05:43.009: Theme parsing error: gtk.css:508:14: Junk at end of value for opacity

(/usr/lib/firefox/firefox:244399): Gtk-WARNING **: 01:05:43.098: Theme parsing error: gtk.css:27:16: not a number

(/usr/lib/firefox/firefox:244399): Gtk-WARNING **: 01:05:43.098: Theme parsing error: gtk.css:29:10: 'height' is not a valid property name

(/usr/lib/firefox/firefox:244399): Gtk-WARNING **: 01:05:43.099: Theme parsing error: gtk.css:508:14: Junk at end of value for opacity
console.warn: SearchSettings: "get: No settings file exists, new profile?" (new Error("", "(unknown module)"))
1621638343574	Marionette	INFO	Listening on port 41349
1621638343613	Marionette	WARN	TLS certificate errors will be ignored for this session

(/usr/lib/firefox/firefox:244494): Gtk-WARNING **: 01:05:43.995: Theme parsing error: gtk.css:27:16: not a number

(/usr/lib/firefox/firefox:244494): Gtk-WARNING **: 01:05:43.995: Theme parsing error: gtk.css:29:10: 'height' is not a valid property name

(/usr/lib/firefox/firefox:244494): Gtk-WARNING **: 01:05:43.996: Theme parsing error: gtk.css:508:14: Junk at end of value for opacity
1621638385086	Marionette	INFO	Stopped listening on port 41349

###!!! [Parent][RunMessage] Error: Channel closing: too late to send/recv, messages will be lost


(firefox:245567): Gtk-WARNING **: 01:06:26.998: Theme parsing error: gtk.css:27:16: not a number

(firefox:245567): Gtk-WARNING **: 01:06:26.998: Theme parsing error: gtk.css:29:10: 'height' is not a valid property name

(firefox:245567): Gtk-WARNING **: 01:06:26.999: Theme parsing error: gtk.css:508:14: Junk at end of value for opacity
1621638387252	Marionette	INFO	Marionette enabled

(firefox:245567): Gtk-WARNING **: 01:06:27.516: Theme parsing error: gtk.css:27:16: not a number

(firefox:245567): Gtk-WARNING **: 01:06:27.516: Theme parsing error: gtk.css:29:10: 'height' is not a valid property name

(firefox:245567): Gtk-WARNING **: 01:06:27.517: Theme parsing error: gtk.css:508:14: Junk at end of value for opacity

(firefox:245567): Gtk-WARNING **: 01:06:27.518: Theme parsing error: gtk.css:27:16: not a number

(firefox:245567): Gtk-WARNING **: 01:06:27.518: Theme parsing error: gtk.css:29:10: 'height' is not a valid property name

(firefox:245567): Gtk-WARNING **: 01:06:27.519: Theme parsing error: gtk.css:508:14: Junk at end of value for opacity

(/usr/lib/firefox/firefox:245755): Gtk-WARNING **: 01:06:27.575: Theme parsing error: gtk.css:27:16: not a number

(/usr/lib/firefox/firefox:245755): Gtk-WARNING **: 01:06:27.575: Theme parsing error: gtk.css:29:10: 'height' is not a valid property name

(/usr/lib/firefox/firefox:245755): Gtk-WARNING **: 01:06:27.576: Theme parsing error: gtk.css:508:14: Junk at end of value for opacity

(/usr/lib/firefox/firefox:245789): Gtk-WARNING **: 01:06:27.666: Theme parsing error: gtk.css:27:16: not a number

(/usr/lib/firefox/firefox:245789): Gtk-WARNING **: 01:06:27.666: Theme parsing error: gtk.css:29:10: 'height' is not a valid property name

(/usr/lib/firefox/firefox:245789): Gtk-WARNING **: 01:06:27.667: Theme parsing error: gtk.css:508:14: Junk at end of value for opacity
console.warn: SearchSettings: "get: No settings file exists, new profile?" (new Error("", "(unknown module)"))
1621638388274	Marionette	INFO	Listening on port 35999
1621638388376	Marionette	WARN	TLS certificate errors will be ignored for this session

(/usr/lib/firefox/firefox:245881): Gtk-WARNING **: 01:06:28.558: Theme parsing error: gtk.css:27:16: not a number

(/usr/lib/firefox/firefox:245881): Gtk-WARNING **: 01:06:28.558: Theme parsing error: gtk.css:29:10: 'height' is not a valid property name

(/usr/lib/firefox/firefox:245881): Gtk-WARNING **: 01:06:28.559: Theme parsing error: gtk.css:508:14: Junk at end of value for opacity
1621638432503	Marionette	INFO	Stopped listening on port 35999

###!!! [Parent][RunMessage] Error: Channel closing: too late to send/recv, messages will be lost


(firefox:247061): Gtk-WARNING **: 01:07:14.928: Theme parsing error: gtk.css:27:16: not a number

(firefox:247061): Gtk-WARNING **: 01:07:14.928: Theme parsing error: gtk.css:29:10: 'height' is not a valid property name

(firefox:247061): Gtk-WARNING **: 01:07:14.929: Theme parsing error: gtk.css:508:14: Junk at end of value for opacity
1621638435181	Marionette	INFO	Marionette enabled

(firefox:247061): Gtk-WARNING **: 01:07:15.449: Theme parsing error: gtk.css:27:16: not a number

(firefox:247061): Gtk-WARNING **: 01:07:15.449: Theme parsing error: gtk.css:29:10: 'height' is not a valid property name

(firefox:247061): Gtk-WARNING **: 01:07:15.450: Theme parsing error: gtk.css:508:14: Junk at end of value for opacity

(firefox:247061): Gtk-WARNING **: 01:07:15.451: Theme parsing error: gtk.css:27:16: not a number

(firefox:247061): Gtk-WARNING **: 01:07:15.451: Theme parsing error: gtk.css:29:10: 'height' is not a valid property name

(firefox:247061): Gtk-WARNING **: 01:07:15.452: Theme parsing error: gtk.css:508:14: Junk at end of value for opacity

(/usr/lib/firefox/firefox:247239): Gtk-WARNING **: 01:07:15.510: Theme parsing error: gtk.css:27:16: not a number

(/usr/lib/firefox/firefox:247239): Gtk-WARNING **: 01:07:15.510: Theme parsing error: gtk.css:29:10: 'height' is not a valid property name

(/usr/lib/firefox/firefox:247239): Gtk-WARNING **: 01:07:15.511: Theme parsing error: gtk.css:508:14: Junk at end of value for opacity

(/usr/lib/firefox/firefox:247269): Gtk-WARNING **: 01:07:15.605: Theme parsing error: gtk.css:27:16: not a number

(/usr/lib/firefox/firefox:247269): Gtk-WARNING **: 01:07:15.605: Theme parsing error: gtk.css:29:10: 'height' is not a valid property name

(/usr/lib/firefox/firefox:247269): Gtk-WARNING **: 01:07:15.606: Theme parsing error: gtk.css:508:14: Junk at end of value for opacity
console.warn: SearchSettings: "get: No settings file exists, new profile?" (new Error("", "(unknown module)"))
1621638436033	Marionette	INFO	Listening on port 44651
1621638436106	Marionette	WARN	TLS certificate errors will be ignored for this session

(/usr/lib/firefox/firefox:247360): Gtk-WARNING **: 01:07:16.491: Theme parsing error: gtk.css:27:16: not a number

(/usr/lib/firefox/firefox:247360): Gtk-WARNING **: 01:07:16.491: Theme parsing error: gtk.css:29:10: 'height' is not a valid property name

(/usr/lib/firefox/firefox:247360): Gtk-WARNING **: 01:07:16.492: Theme parsing error: gtk.css:508:14: Junk at end of value for opacity
Exiting due to channel error.
Exiting due to channel error.
Exiting due to channel error.

(firefox:248434): Gtk-WARNING **: 01:07:58.058: Theme parsing error: gtk.css:27:16: not a number

(firefox:248434): Gtk-WARNING **: 01:07:58.058: Theme parsing error: gtk.css:29:10: 'height' is not a valid property name

(firefox:248434): Gtk-WARNING **: 01:07:58.059: Theme parsing error: gtk.css:508:14: Junk at end of value for opacity
1621638478309	Marionette	INFO	Marionette enabled

(firefox:248434): Gtk-WARNING **: 01:07:58.573: Theme parsing error: gtk.css:27:16: not a number

(firefox:248434): Gtk-WARNING **: 01:07:58.574: Theme parsing error: gtk.css:29:10: 'height' is not a valid property name

(firefox:248434): Gtk-WARNING **: 01:07:58.574: Theme parsing error: gtk.css:508:14: Junk at end of value for opacity

(firefox:248434): Gtk-WARNING **: 01:07:58.576: Theme parsing error: gtk.css:27:16: not a number

(firefox:248434): Gtk-WARNING **: 01:07:58.576: Theme parsing error: gtk.css:29:10: 'height' is not a valid property name

(firefox:248434): Gtk-WARNING **: 01:07:58.577: Theme parsing error: gtk.css:508:14: Junk at end of value for opacity

(/usr/lib/firefox/firefox:248620): Gtk-WARNING **: 01:07:58.638: Theme parsing error: gtk.css:27:16: not a number

(/usr/lib/firefox/firefox:248620): Gtk-WARNING **: 01:07:58.638: Theme parsing error: gtk.css:29:10: 'height' is not a valid property name

(/usr/lib/firefox/firefox:248620): Gtk-WARNING **: 01:07:58.639: Theme parsing error: gtk.css:508:14: Junk at end of value for opacity

(/usr/lib/firefox/firefox:248642): Gtk-WARNING **: 01:07:58.735: Theme parsing error: gtk.css:27:16: not a number

(/usr/lib/firefox/firefox:248642): Gtk-WARNING **: 01:07:58.735: Theme parsing error: gtk.css:29:10: 'height' is not a valid property name

(/usr/lib/firefox/firefox:248642): Gtk-WARNING **: 01:07:58.736: Theme parsing error: gtk.css:508:14: Junk at end of value for opacity
console.warn: SearchSettings: "get: No settings file exists, new profile?" (new Error("", "(unknown module)"))
1621638479244	Marionette	INFO	Listening on port 33791
1621638479337	Marionette	WARN	TLS certificate errors will be ignored for this session

(/usr/lib/firefox/firefox:248745): Gtk-WARNING **: 01:07:59.614: Theme parsing error: gtk.css:27:16: not a number

(/usr/lib/firefox/firefox:248745): Gtk-WARNING **: 01:07:59.615: Theme parsing error: gtk.css:29:10: 'height' is not a valid property name

(/usr/lib/firefox/firefox:248745): Gtk-WARNING **: 01:07:59.615: Theme parsing error: gtk.css:508:14: Junk at end of value for opacity
console.error: Region.jsm: "Error fetching region" (new Error("TIMEOUT", "resource://gre/modules/Region.jsm", 772))
console.error: Region.jsm: "Failed to fetch region" (new Error("TIMEOUT", "resource://gre/modules/Region.jsm", 419))
1621638517730	Marionette	INFO	Stopped listening on port 33791

###!!! [Parent][RunMessage] Error: Channel closing: too late to send/recv, messages will be lost


(firefox:250852): Gtk-WARNING **: 01:09:27.898: Theme parsing error: gtk.css:27:16: not a number

(firefox:250852): Gtk-WARNING **: 01:09:27.898: Theme parsing error: gtk.css:29:10: 'height' is not a valid property name

(firefox:250852): Gtk-WARNING **: 01:09:27.899: Theme parsing error: gtk.css:508:14: Junk at end of value for opacity
1621638568154	Marionette	INFO	Marionette enabled

(firefox:250852): Gtk-WARNING **: 01:09:28.416: Theme parsing error: gtk.css:27:16: not a number

(firefox:250852): Gtk-WARNING **: 01:09:28.416: Theme parsing error: gtk.css:29:10: 'height' is not a valid property name

(firefox:250852): Gtk-WARNING **: 01:09:28.417: Theme parsing error: gtk.css:508:14: Junk at end of value for opacity

(firefox:250852): Gtk-WARNING **: 01:09:28.419: Theme parsing error: gtk.css:27:16: not a number

(firefox:250852): Gtk-WARNING **: 01:09:28.419: Theme parsing error: gtk.css:29:10: 'height' is not a valid property name

(firefox:250852): Gtk-WARNING **: 01:09:28.420: Theme parsing error: gtk.css:508:14: Junk at end of value for opacity

(/usr/lib/firefox/firefox:251042): Gtk-WARNING **: 01:09:28.474: Theme parsing error: gtk.css:27:16: not a number

(/usr/lib/firefox/firefox:251042): Gtk-WARNING **: 01:09:28.474: Theme parsing error: gtk.css:29:10: 'height' is not a valid property name

(/usr/lib/firefox/firefox:251042): Gtk-WARNING **: 01:09:28.475: Theme parsing error: gtk.css:508:14: Junk at end of value for opacity

(/usr/lib/firefox/firefox:251068): Gtk-WARNING **: 01:09:28.572: Theme parsing error: gtk.css:27:16: not a number

(/usr/lib/firefox/firefox:251068): Gtk-WARNING **: 01:09:28.572: Theme parsing error: gtk.css:29:10: 'height' is not a valid property name

(/usr/lib/firefox/firefox:251068): Gtk-WARNING **: 01:09:28.573: Theme parsing error: gtk.css:508:14: Junk at end of value for opacity
console.warn: SearchSettings: "get: No settings file exists, new profile?" (new Error("", "(unknown module)"))
1621638568921	Marionette	INFO	Listening on port 37091
1621638568976	Marionette	WARN	TLS certificate errors will be ignored for this session

(/usr/lib/firefox/firefox:251168): Gtk-WARNING **: 01:09:29.460: Theme parsing error: gtk.css:27:16: not a number

(/usr/lib/firefox/firefox:251168): Gtk-WARNING **: 01:09:29.460: Theme parsing error: gtk.css:29:10: 'height' is not a valid property name

(/usr/lib/firefox/firefox:251168): Gtk-WARNING **: 01:09:29.461: Theme parsing error: gtk.css:508:14: Junk at end of value for opacity
1621638611856	Marionette	INFO	Stopped listening on port 37091

(firefox:252304): Gtk-WARNING **: 01:10:15.007: Theme parsing error: gtk.css:27:16: not a number

(firefox:252304): Gtk-WARNING **: 01:10:15.007: Theme parsing error: gtk.css:29:10: 'height' is not a valid property name

(firefox:252304): Gtk-WARNING **: 01:10:15.008: Theme parsing error: gtk.css:508:14: Junk at end of value for opacity
1621638615260	Marionette	INFO	Marionette enabled

(firefox:252304): Gtk-WARNING **: 01:10:15.526: Theme parsing error: gtk.css:27:16: not a number

(firefox:252304): Gtk-WARNING **: 01:10:15.526: Theme parsing error: gtk.css:29:10: 'height' is not a valid property name

(firefox:252304): Gtk-WARNING **: 01:10:15.527: Theme parsing error: gtk.css:508:14: Junk at end of value for opacity

(firefox:252304): Gtk-WARNING **: 01:10:15.529: Theme parsing error: gtk.css:27:16: not a number

(firefox:252304): Gtk-WARNING **: 01:10:15.529: Theme parsing error: gtk.css:29:10: 'height' is not a valid property name

(firefox:252304): Gtk-WARNING **: 01:10:15.530: Theme parsing error: gtk.css:508:14: Junk at end of value for opacity

(/usr/lib/firefox/firefox:252482): Gtk-WARNING **: 01:10:15.586: Theme parsing error: gtk.css:27:16: not a number

(/usr/lib/firefox/firefox:252482): Gtk-WARNING **: 01:10:15.586: Theme parsing error: gtk.css:29:10: 'height' is not a valid property name

(/usr/lib/firefox/firefox:252482): Gtk-WARNING **: 01:10:15.587: Theme parsing error: gtk.css:508:14: Junk at end of value for opacity

(/usr/lib/firefox/firefox:252519): Gtk-WARNING **: 01:10:15.679: Theme parsing error: gtk.css:27:16: not a number

(/usr/lib/firefox/firefox:252519): Gtk-WARNING **: 01:10:15.679: Theme parsing error: gtk.css:29:10: 'height' is not a valid property name

(/usr/lib/firefox/firefox:252519): Gtk-WARNING **: 01:10:15.680: Theme parsing error: gtk.css:508:14: Junk at end of value for opacity
console.warn: SearchSettings: "get: No settings file exists, new profile?" (new Error("", "(unknown module)"))
1621638616023	Marionette	INFO	Listening on port 41153
1621638616113	Marionette	WARN	TLS certificate errors will be ignored for this session

(/usr/lib/firefox/firefox:252608): Gtk-WARNING **: 01:10:16.565: Theme parsing error: gtk.css:27:16: not a number

(/usr/lib/firefox/firefox:252608): Gtk-WARNING **: 01:10:16.565: Theme parsing error: gtk.css:29:10: 'height' is not a valid property name

(/usr/lib/firefox/firefox:252608): Gtk-WARNING **: 01:10:16.566: Theme parsing error: gtk.css:508:14: Junk at end of value for opacity
1621638657253	Marionette	INFO	Stopped listening on port 41153

###!!! [Parent][RunMessage] Error: Channel closing: too late to send/recv, messages will be lost


(firefox:255186): Gtk-WARNING **: 01:12:05.310: Theme parsing error: gtk.css:27:16: not a number

(firefox:255186): Gtk-WARNING **: 01:12:05.310: Theme parsing error: gtk.css:29:10: 'height' is not a valid property name

(firefox:255186): Gtk-WARNING **: 01:12:05.310: Theme parsing error: gtk.css:508:14: Junk at end of value for opacity
1621638725559	Marionette	INFO	Marionette enabled

(firefox:255186): Gtk-WARNING **: 01:12:05.822: Theme parsing error: gtk.css:27:16: not a number

(firefox:255186): Gtk-WARNING **: 01:12:05.822: Theme parsing error: gtk.css:29:10: 'height' is not a valid property name

(firefox:255186): Gtk-WARNING **: 01:12:05.822: Theme parsing error: gtk.css:508:14: Junk at end of value for opacity

(firefox:255186): Gtk-WARNING **: 01:12:05.824: Theme parsing error: gtk.css:27:16: not a number

(firefox:255186): Gtk-WARNING **: 01:12:05.824: Theme parsing error: gtk.css:29:10: 'height' is not a valid property name

(firefox:255186): Gtk-WARNING **: 01:12:05.825: Theme parsing error: gtk.css:508:14: Junk at end of value for opacity

(/usr/lib/firefox/firefox:255371): Gtk-WARNING **: 01:12:05.880: Theme parsing error: gtk.css:27:16: not a number

(/usr/lib/firefox/firefox:255371): Gtk-WARNING **: 01:12:05.880: Theme parsing error: gtk.css:29:10: 'height' is not a valid property name

(/usr/lib/firefox/firefox:255371): Gtk-WARNING **: 01:12:05.881: Theme parsing error: gtk.css:508:14: Junk at end of value for opacity

(/usr/lib/firefox/firefox:255393): Gtk-WARNING **: 01:12:05.968: Theme parsing error: gtk.css:27:16: not a number

(/usr/lib/firefox/firefox:255393): Gtk-WARNING **: 01:12:05.968: Theme parsing error: gtk.css:29:10: 'height' is not a valid property name

(/usr/lib/firefox/firefox:255393): Gtk-WARNING **: 01:12:05.969: Theme parsing error: gtk.css:508:14: Junk at end of value for opacity
console.warn: SearchSettings: "get: No settings file exists, new profile?" (new Error("", "(unknown module)"))
1621638726519	Marionette	INFO	Listening on port 34345
1621638726589	Marionette	WARN	TLS certificate errors will be ignored for this session

(/usr/lib/firefox/firefox:255496): Gtk-WARNING **: 01:12:06.862: Theme parsing error: gtk.css:27:16: not a number

(/usr/lib/firefox/firefox:255496): Gtk-WARNING **: 01:12:06.862: Theme parsing error: gtk.css:29:10: 'height' is not a valid property name

(/usr/lib/firefox/firefox:255496): Gtk-WARNING **: 01:12:06.863: Theme parsing error: gtk.css:508:14: Junk at end of value for opacity
1621638766506	Marionette	INFO	Stopped listening on port 34345

###!!! [Parent][RunMessage] Error: Channel closing: too late to send/recv, messages will be lost


(firefox:258278): Gtk-WARNING **: 01:14:01.109: Theme parsing error: gtk.css:27:16: not a number

(firefox:258278): Gtk-WARNING **: 01:14:01.109: Theme parsing error: gtk.css:29:10: 'height' is not a valid property name

(firefox:258278): Gtk-WARNING **: 01:14:01.110: Theme parsing error: gtk.css:508:14: Junk at end of value for opacity
1621638841362	Marionette	INFO	Marionette enabled

(firefox:258278): Gtk-WARNING **: 01:14:01.625: Theme parsing error: gtk.css:27:16: not a number

(firefox:258278): Gtk-WARNING **: 01:14:01.625: Theme parsing error: gtk.css:29:10: 'height' is not a valid property name

(firefox:258278): Gtk-WARNING **: 01:14:01.625: Theme parsing error: gtk.css:508:14: Junk at end of value for opacity

(firefox:258278): Gtk-WARNING **: 01:14:01.627: Theme parsing error: gtk.css:27:16: not a number

(firefox:258278): Gtk-WARNING **: 01:14:01.627: Theme parsing error: gtk.css:29:10: 'height' is not a valid property name

(firefox:258278): Gtk-WARNING **: 01:14:01.628: Theme parsing error: gtk.css:508:14: Junk at end of value for opacity

(/usr/lib/firefox/firefox:258464): Gtk-WARNING **: 01:14:01.682: Theme parsing error: gtk.css:27:16: not a number

(/usr/lib/firefox/firefox:258464): Gtk-WARNING **: 01:14:01.682: Theme parsing error: gtk.css:29:10: 'height' is not a valid property name

(/usr/lib/firefox/firefox:258464): Gtk-WARNING **: 01:14:01.684: Theme parsing error: gtk.css:508:14: Junk at end of value for opacity

(/usr/lib/firefox/firefox:258486): Gtk-WARNING **: 01:14:01.775: Theme parsing error: gtk.css:27:16: not a number

(/usr/lib/firefox/firefox:258486): Gtk-WARNING **: 01:14:01.776: Theme parsing error: gtk.css:29:10: 'height' is not a valid property name

(/usr/lib/firefox/firefox:258486): Gtk-WARNING **: 01:14:01.776: Theme parsing error: gtk.css:508:14: Junk at end of value for opacity
console.warn: SearchSettings: "get: No settings file exists, new profile?" (new Error("", "(unknown module)"))
1621638842331	Marionette	INFO	Listening on port 40283
1621638842389	Marionette	WARN	TLS certificate errors will be ignored for this session

(/usr/lib/firefox/firefox:258581): Gtk-WARNING **: 01:14:02.667: Theme parsing error: gtk.css:27:16: not a number

(/usr/lib/firefox/firefox:258581): Gtk-WARNING **: 01:14:02.667: Theme parsing error: gtk.css:29:10: 'height' is not a valid property name

(/usr/lib/firefox/firefox:258581): Gtk-WARNING **: 01:14:02.668: Theme parsing error: gtk.css:508:14: Junk at end of value for opacity
1621638878559	Marionette	INFO	Stopped listening on port 40283

###!!! [Parent][RunMessage] Error: Channel closing: too late to send/recv, messages will be lost


(firefox:260569): Gtk-WARNING **: 01:15:21.961: Theme parsing error: gtk.css:27:16: not a number

(firefox:260569): Gtk-WARNING **: 01:15:21.961: Theme parsing error: gtk.css:29:10: 'height' is not a valid property name

(firefox:260569): Gtk-WARNING **: 01:15:21.962: Theme parsing error: gtk.css:508:14: Junk at end of value for opacity
1621638922218	Marionette	INFO	Marionette enabled

(firefox:260569): Gtk-WARNING **: 01:15:22.481: Theme parsing error: gtk.css:27:16: not a number

(firefox:260569): Gtk-WARNING **: 01:15:22.481: Theme parsing error: gtk.css:29:10: 'height' is not a valid property name

(firefox:260569): Gtk-WARNING **: 01:15:22.482: Theme parsing error: gtk.css:508:14: Junk at end of value for opacity

(firefox:260569): Gtk-WARNING **: 01:15:22.484: Theme parsing error: gtk.css:27:16: not a number

(firefox:260569): Gtk-WARNING **: 01:15:22.484: Theme parsing error: gtk.css:29:10: 'height' is not a valid property name

(firefox:260569): Gtk-WARNING **: 01:15:22.484: Theme parsing error: gtk.css:508:14: Junk at end of value for opacity

(/usr/lib/firefox/firefox:260754): Gtk-WARNING **: 01:15:22.539: Theme parsing error: gtk.css:27:16: not a number

(/usr/lib/firefox/firefox:260754): Gtk-WARNING **: 01:15:22.539: Theme parsing error: gtk.css:29:10: 'height' is not a valid property name

(/usr/lib/firefox/firefox:260754): Gtk-WARNING **: 01:15:22.540: Theme parsing error: gtk.css:508:14: Junk at end of value for opacity

(/usr/lib/firefox/firefox:260789): Gtk-WARNING **: 01:15:22.632: Theme parsing error: gtk.css:27:16: not a number

(/usr/lib/firefox/firefox:260789): Gtk-WARNING **: 01:15:22.632: Theme parsing error: gtk.css:29:10: 'height' is not a valid property name

(/usr/lib/firefox/firefox:260789): Gtk-WARNING **: 01:15:22.633: Theme parsing error: gtk.css:508:14: Junk at end of value for opacity
console.warn: SearchSettings: "get: No settings file exists, new profile?" (new Error("", "(unknown module)"))
1621638922980	Marionette	INFO	Listening on port 42519
1621638923040	Marionette	WARN	TLS certificate errors will be ignored for this session

(/usr/lib/firefox/firefox:260879): Gtk-WARNING **: 01:15:23.521: Theme parsing error: gtk.css:27:16: not a number

(/usr/lib/firefox/firefox:260879): Gtk-WARNING **: 01:15:23.522: Theme parsing error: gtk.css:29:10: 'height' is not a valid property name

(/usr/lib/firefox/firefox:260879): Gtk-WARNING **: 01:15:23.522: Theme parsing error: gtk.css:508:14: Junk at end of value for opacity
1621638963556	Marionette	INFO	Stopped listening on port 42519

###!!! [Parent][RunMessage] Error: Channel closing: too late to send/recv, messages will be lost

